OHSU1 Q0 87157536 1 0.077520 cosine
OHSU1 Q0 87299569 1 0.113841 cosine
OHSU1 Q0 87011244 1 0.058114 cosine
OHSU1 Q0 87157537 1 0.058114 cosine
OHSU2 Q0 87254296 1 0.035228 cosine
OHSU2 Q0 87309677 1 0.113191 cosine
OHSU2 Q0 87282518 1 0.113191 cosine
OHSU2 Q0 87325763 1 0.096700 cosine
OHSU2 Q0 87058538 1 0.151465 cosine
OHSU2 Q0 87242958 1 0.258040 cosine
OHSU2 Q0 87083927 1 0.035228 cosine
OHSU2 Q0 87998965 1 0.894063 cosine
OHSU2 Q0 87312037 1 0.070456 cosine
OHSU2 Q0 87065512 1 0.021796 cosine
OHSU2 Q0 87057614 1 0.053931 cosine
OHSU3 Q0 87213431 1 0.114955 cosine
OHSU3 Q0 87325763 1 0.096700 cosine
OHSU3 Q0 87283604 1 0.010860 cosine
OHSU3 Q0 87242958 1 0.258040 cosine
OHSU3 Q0 87270898 1 0.055381 cosine
OHSU4 Q0 87126140 1 0.312334 cosine
OHSU4 Q0 87170056 1 0.312334 cosine
OHSU4 Q0 87210296 1 0.312334 cosine
OHSU4 Q0 87153393 1 0.224613 cosine
OHSU4 Q0 87153394 1 0.224613 cosine
OHSU5 Q0 87242958 1 0.268020 cosine
OHSU5 Q0 87957536 1 0.268020 cosine
OHSU6 Q0 87060268 1 0.267110 cosine
OHSU6 Q0 87197453 1 0.259700 cosine
OHSU6 Q0 87103870 1 0.072305 cosine
OHSU6 Q0 87070591 1 0.072305 cosine
OHSU7 Q0 87203237 1 0.065203 cosine
OHSU7 Q0 87103870 1 0.070801 cosine
OHSU7 Q0 87253647 1 0.029608 cosine
OHSU8 Q0 87115718 1 0.025420 cosine
OHSU8 Q0 87324556 1 0.160076 cosine
OHSU9 Q0 87242958 1 0.113017 cosine
OHSU9 Q0 87097505 1 0.009254 cosine
OHSU9 Q0 87186146 1 0.021153 cosine
OHSU9 Q0 87158184 1 0.026442 cosine
OHSU10 Q0 87110822 1 0.111470 cosine
OHSU56 Q0 87325763 1 0.072782 cosine
OHSU58 Q0 87070581 1 0.527309 cosine
OHSU58 Q0 87070591 1 0.140477 cosine


