OHSU1 Q0 87097544 1 0.067989 fuzzy
OHSU1 Q0 87157537 1 0.058114 fuzzy
OHSU1 Q0 87157536 1 0.077520 fuzzy
OHSU2 Q0 87254296 1 0.035228 fuzzy
OHSU2 Q0 87058538 1 0.151465 fuzzy
OHSU2 Q0 87083927 1 0.035228 fuzzy
OHSU2 Q0 87309677 1 0.053931 fuzzy
OHSU2 Q0 87198965 1 0.061016 fuzzy
OHSU2 Q0 87312037 1 0.070456 fuzzy
OHSU2 Q0 87065512 1 0.021796 fuzzy
OHSU2 Q0 87057614 1 0.053931 fuzzy
OHSU3 Q0 87213431 1 0.114955 fuzzy
OHSU3 Q0 87254081 1 0.070177 fuzzy
OHSU3 Q0 87282518 1 0.016422 fuzzy
OHSU3 Q0 87325763 1 0.096700 fuzzy
OHSU3 Q0 87283604 1 0.010860 fuzzy
OHSU3 Q0 87242958 1 0.258040 fuzzy
OHSU3 Q0 87270898 1 0.055381 fuzzy
OHSU4 Q0 87210296 1 0.312334 fuzzy
OHSU4 Q0 87153393 1 0.224613 fuzzy
OHSU4 Q0 87153394 1 0.224613 fuzzy
OHSU5 Q0 87242958 1 0.268020 fuzzy
OHSU5 Q0 87157536 1 0.186097 fuzzy
OHSU5 Q0 87097544 1 0.131590 fuzzy
OHSU6 Q0 87060268 1 0.267110 fuzzy
OHSU6 Q0 87197453 1 0.259700 fuzzy
OHSU6 Q0 87103870 1 0.072305 fuzzy
OHSU7 Q0 87203237 1 0.065203 fuzzy
OHSU7 Q0 87103870 1 0.070801 fuzzy
OHSU7 Q0 87253647 1 0.029608 fuzzy
OHSU8 Q0 87172903 1 0.200611 fuzzy
OHSU8 Q0 87213431 1 0.156842 fuzzy
OHSU8 Q0 87115718 1 0.025420 fuzzy
OHSU8 Q0 87309677 1 0.113191 fuzzy
OHSU8 Q0 87324556 1 0.160076 fuzzy
OHSU9 Q0 87242958 1 0.113017 fuzzy
OHSU9 Q0 87097505 1 0.009254 fuzzy
OHSU9 Q0 87186146 1 0.021153 fuzzy
OHSU9 Q0 87158184 1 0.026442 fuzzy
OHSU9 Q0 87283585 1 0.018195 fuzzy
OHSU9 Q0 87254296 1 0.079836 fuzzy
OHSU10 Q0 87110822 1 0.111470 fuzzy
OHSU56 Q0 87325763 1 0.072782 fuzzy
OHSU58 Q0 87070581 1 0.527309 fuzzy
OHSU58 Q0 87070591 1 0.521111 fuzzy


